<?xml version="1.0" encoding="UTF-8"?>
<!-- Generated by org.testng.reporters.JUnitReportReporter -->
<testsuite hostname="DESKTOP-EDLROQB" failures="0" tests="3" name="Academy.validateTitle" time="0.151" errors="0" timestamp="2020-12-15T15:34:36 IST" skipped="0">
  <testcase classname="Academy.validateTitle" name="basePageNavigation" time="0.099"/>
  <system-out/>
  <testcase classname="Academy.validateTitle" name="validateHeader" time="0.025"/>
  <system-out/>
  <testcase classname="Academy.validateTitle" name="validatesubHeader" time="0.027"/>
  <system-out/>
</testsuite> <!-- Academy.validateTitle -->
