<?xml version="1.0" encoding="UTF-8"?>
<!-- Generated by org.testng.reporters.JUnitReportReporter -->
<testsuite hostname="DESKTOP-EDLROQB" failures="0" tests="2" name="Academy.HomePage" time="50.314" errors="0" timestamp="2020-12-15T15:34:36 IST" skipped="0">
  <testcase classname="Academy.HomePage" name="basePageNavigation" time="46.901"/>
  <system-out/>
  <testcase classname="Academy.HomePage" name="basePageNavigation" time="3.413"/>
  <system-out/>
</testsuite> <!-- Academy.HomePage -->
