<?xml version="1.0" encoding="UTF-8"?>
<!-- Generated by org.testng.reporters.JUnitReportReporter -->
<testsuite hostname="DESKTOP-EDLROQB" failures="0" tests="1" name="Academy.validateNavigationBar" time="0.543" errors="0" timestamp="2020-12-15T15:34:36 IST" skipped="0">
  <testcase classname="Academy.validateNavigationBar" name="basePageNavigation" time="0.543"/>
  <system-out/>
</testsuite> <!-- Academy.validateNavigationBar -->
