<?xml version="1.0" encoding="UTF-8"?>
<!-- Generated by org.testng.reporters.JUnitReportReporter -->
<testsuite hostname="DESKTOP-EDLROQB" failures="0" tests="2" name="Academy.HomePage" time="17.808" errors="0" timestamp="2020-12-14T18:28:15 IST" skipped="0">
  <testcase classname="Academy.HomePage" name="basePageNavigation" time="2.589"/>
  <system-out/>
  <testcase classname="Academy.HomePage" name="basePageNavigation" time="15.219"/>
  <system-out/>
</testsuite> <!-- Academy.HomePage -->
