<?xml version="1.0" encoding="UTF-8"?>
<!-- Generated by org.testng.reporters.JUnitReportReporter -->
<testsuite hostname="DESKTOP-EDLROQB" failures="0" tests="1" name="lavishAcademy.ExtentReports.ExtentReportDemo" time="7.841" errors="0" timestamp="2020-12-03T17:20:23 IST" skipped="0">
  <testcase classname="lavishAcademy.ExtentReports.ExtentReportDemo" name="initialDemo" time="7.841"/>
  <system-out/>
</testsuite> <!-- lavishAcademy.ExtentReports.ExtentReportDemo -->
